#
# A fatal error has been detected by the Java Runtime Environment:
#
#  SIGSEGV (0xb) at pc=0x00007f6948000098, pid=18993, tid=140090721552128
#
# JRE version: Java(TM) SE Runtime Environment (8.0_65-b17) (build 1.8.0_65-b17)
# Java VM: Java HotSpot(TM) 64-Bit Server VM (25.65-b01 mixed mode linux-amd64 compressed oops)
# Problematic frame:
# C  0x00007f6948000098
#
# Failed to write core dump. Core dumps have been disabled. To enable core dumping, try "ulimit -c unlimited" before starting Java again
#
# If you would like to submit a bug report, please visit:
#   http://bugreport.java.com/bugreport/crash.jsp
#

---------------  T H R E A D  ---------------

Current thread (0x00007f69880c9000):  JavaThread "JDWP Transport Listener: dt_socket" daemon [_thread_in_vm, id=19003, stack(0x00007f6969a1c000,0x00007f6969b1d000)]

siginfo: si_signo: 11 (SIGSEGV), si_code: 2 (SEGV_ACCERR), si_addr: 0x00007f6948000098

Registers:
RAX=0x00007f6948000098, RBX=0x00007f69480000a8, RCX=0x00007f698fd76320, RDX=0x00007f698f354320
RSP=0x00007f6969b1b988, RBP=0x00007f6969b1b9a0, RSI=0x00007f69880c9000, RDI=0x00007f69480000a8
R8 =0x0000000000000000, R9 =0x00007f694802fe60, R10=0x0000000000000010, R11=0x00007f698f505dd0
R12=0x0000000000000017, R13=0x00007f69480000b8, R14=0x00007f69880c9000, R15=0x00007f6969b1baa7
RIP=0x00007f6948000098, EFLAGS=0x0000000000010206, CSGSFS=0x0000000000000033, ERR=0x0000000000000015
  TRAPNO=0x000000000000000e

Top of Stack: (sp=0x00007f6969b1b988)
0x00007f6969b1b988:   00007f698ec4a737 0000000000000074
0x00007f6969b1b998:   00007f6988005b50 00007f6969b1ba10
0x00007f6969b1b9a8:   00007f698eadb1fe 0000000000000073
0x00007f6969b1b9b8:   00007f6969b1b9c0 00007f69880c9000
0x00007f6969b1b9c8:   0000000000000000 00007f6900000000
0x00007f6969b1b9d8:   0000000000000000 00007f6969b1ba00
0x00007f6969b1b9e8:   00007f698da5be40 00007f69480000b8
0x00007f6969b1b9f8:   00007f6969b1baa7 0000000000000001
0x00007f6969b1ba08:   00007f6969b1baa7 00007f6969b1ba40
0x00007f6969b1ba18:   00007f698d8478c2 00007f6969b1ba40
0x00007f6969b1ba28:   00007f69480000b8 00007f6969b1bb10
0x00007f6969b1ba38:   0000000000000008 00007f6969b1bad0
0x00007f6969b1ba48:   00007f698d828aa0 00007f6969b1ba88
0x00007f6969b1ba58:   00007f6969b1ba80 00007f6969b1ba78
0x00007f6969b1ba68:   00007f6969b1ba9c 000000014801cc80
0x00007f6969b1ba78:   0000000000000000 0000000000000000
0x00007f6969b1ba88:   0000000000000000 00007f6948003ab0
0x00007f6969b1ba98:   0000000969b1bb10 0000000000000007
0x00007f6969b1baa8:   0000000000000002 000000000000000f
0x00007f6969b1bab8:   0000000000000002 00000000000f0200
0x00007f6969b1bac8:   000000000000000f 00007f6969b1bd20
0x00007f6969b1bad8:   00007f698d8339c6 0000e3f200000013
0x00007f6969b1bae8:   00007f698e0f0200 00007f6940000fb0
0x00007f6969b1baf8:   00007f698da5be40 00007f6969b1bb10
0x00007f6969b1bb08:   00007f6969b1bca0 00007f6969b1bb96
0x00007f6969b1bb18:   00007f69000000f6 00007f6969b1bb28
0x00007f6969b1bb28:   0000000000000036 00007f6969b1bb60
0x00007f6969b1bb38:   0000000000000000 00007f0000000000
0x00007f6969b1bb48:   0000e3f200000030 00007f690000bc80
0x00007f6969b1bb58:   00007f6969b1bb60 697f000007000000
0x00007f6969b1bb68:   04000000383b0048 160000006e69616d
0x00007f6969b1bb78:   2f6176616a4c5b28 7274532f676e616c 

Instructions: (pc=0x00007f6948000098)
0x00007f6948000078:   60 1a 03 48 69 7f 00 00 40 18 03 48 69 7f 00 00
0x00007f6948000088:   78 00 00 48 69 7f 00 00 78 00 00 48 69 7f 00 00
0x00007f6948000098:   88 00 00 48 69 7f 00 00 88 00 00 48 69 7f 00 00
0x00007f69480000a8:   98 00 00 48 69 7f 00 00 98 00 00 48 69 7f 00 00 

Register to memory mapping:

RAX=0x00007f6948000098 is an unknown value
RBX=0x00007f69480000a8 is an unknown value
RCX=0x00007f698fd76320: <offset 0x219320> in /lib/x86_64-linux-gnu/libpthread.so.0 at 0x00007f698fb5d000
RDX=0x00007f698f354320: <offset 0xfaf320> in /usr/lib/java/jdk1.8.0_65/jre/lib/amd64/server/libjvm.so at 0x00007f698e3a5000
RSP=0x00007f6969b1b988 is pointing into the stack for thread: 0x00007f69880c9000
RBP=0x00007f6969b1b9a0 is pointing into the stack for thread: 0x00007f69880c9000
RSI=0x00007f69880c9000 is a thread
RDI=0x00007f69480000a8 is an unknown value
R8 =0x0000000000000000 is an unknown value
R9 =0x00007f694802fe60 is an unknown value
R10=0x0000000000000010 is an unknown value
R11=0x00007f698f505dd0: <offset 0x186dd0> in /lib/x86_64-linux-gnu/libc.so.6 at 0x00007f698f37f000
R12=0x0000000000000017 is an unknown value
R13=0x00007f69480000b8 is an unknown value
R14=0x00007f69880c9000 is a thread
R15=0x00007f6969b1baa7 is pointing into the stack for thread: 0x00007f69880c9000


Stack: [0x00007f6969a1c000,0x00007f6969b1d000],  sp=0x00007f6969b1b988,  free space=1022k
Native frames: (J=compiled Java code, j=interpreted, Vv=VM code, C=native code)
C  0x00007f6948000098
V  [libjvm.so+0x7361fe]  jvmti_IsMethodSynthetic+0x2be
C  [libjdwp.so+0x258c2]  isMethodSynthetic+0x42
C  [libjdwp.so+0x6aa0]  methods1+0x1b0
C  [libjdwp.so+0x119c6]  debugLoop_run+0x2b6
C  [libjdwp.so+0x247ff]  attachThread+0x2f
V  [libjvm.so+0x7a2982]  JvmtiAgentThread::call_start_function()+0xc2
V  [libjvm.so+0xa68f3f]  JavaThread::thread_main_inner()+0xdf
V  [libjvm.so+0xa6906c]  JavaThread::run()+0x11c
V  [libjvm.so+0x91cb88]  java_start(Thread*)+0x108
C  [libpthread.so.0+0x80a5]  start_thread+0xc5


---------------  P R O C E S S  ---------------

Java Threads: ( => current thread )
  0x00007f69880d9800 JavaThread "Service Thread" daemon [_thread_blocked, id=19014, stack(0x00007f6969416000,0x00007f6969517000)]
  0x00007f69880d3800 JavaThread "C1 CompilerThread2" daemon [_thread_blocked, id=19012, stack(0x00007f6969517000,0x00007f6969618000)]
  0x00007f69880d2000 JavaThread "C2 CompilerThread1" daemon [_thread_blocked, id=19009, stack(0x00007f6969618000,0x00007f6969719000)]
  0x00007f69880cf000 JavaThread "C2 CompilerThread0" daemon [_thread_blocked, id=19008, stack(0x00007f6969719000,0x00007f696981a000)]
  0x00007f6948001000 JavaThread "JDWP Command Reader" daemon [_thread_in_native, id=19007, stack(0x00007f696981a000,0x00007f696991b000)]
  0x00007f69880cc800 JavaThread "JDWP Event Helper Thread" daemon [_thread_blocked, id=19005, stack(0x00007f696991b000,0x00007f6969a1c000)]
=>0x00007f69880c9000 JavaThread "JDWP Transport Listener: dt_socket" daemon [_thread_in_vm, id=19003, stack(0x00007f6969a1c000,0x00007f6969b1d000)]
  0x00007f69880bc000 JavaThread "Signal Dispatcher" daemon [_thread_blocked, id=19002, stack(0x00007f6969d21000,0x00007f6969e22000)]
  0x00007f6988085000 JavaThread "Finalizer" daemon [_thread_blocked, id=19001, stack(0x00007f6969e22000,0x00007f6969f23000)]
  0x00007f6988082800 JavaThread "Reference Handler" daemon [_thread_blocked, id=19000, stack(0x00007f6969f23000,0x00007f696a024000)]
  0x00007f698800f800 JavaThread "main" [_thread_blocked, id=18994, stack(0x00007f698fe7e000,0x00007f698ff7f000)]

Other Threads:
  0x00007f698807d800 VMThread [stack: 0x00007f696a024000,0x00007f696a125000] [id=18999]
  0x00007f69880e4000 WatcherThread [stack: 0x00007f6969315000,0x00007f6969416000] [id=19015]

VM state:not at safepoint (normal execution)

VM Mutex/Monitor currently owned by a thread: None

Heap:
 PSYoungGen      total 559616K, used 277334K [0x000000076cd80000, 0x0000000792380000, 0x00000007c0000000)
  eden space 516096K, 53% used [0x000000076cd80000,0x000000077dc55b00,0x000000078c580000)
  from space 43520K, 0% used [0x000000078f900000,0x000000078f900000,0x0000000792380000)
  to   space 48128K, 0% used [0x000000078c580000,0x000000078c580000,0x000000078f480000)
 ParOldGen       total 196096K, used 65733K [0x00000006c6800000, 0x00000006d2780000, 0x000000076cd80000)
  object space 196096K, 33% used [0x00000006c6800000,0x00000006ca8315d8,0x00000006d2780000)
 Metaspace       used 33640K, capacity 33958K, committed 34304K, reserved 1079296K
  class space    used 5250K, capacity 5342K, committed 5376K, reserved 1048576K

Card table byte_map: [0x00007f6978833000,0x00007f6979000000] byte_map_base: 0x00007f69751ff000

Marking Bits: (ParMarkBitMap*) 0x00007f698f353de0
 Begin Bits: [0x00007f697033d000, 0x00007f697419d000)
 End Bits:   [0x00007f697419d000, 0x00007f6977ffd000)

Polling page: 0x00007f698ff9a000

CodeCache: size=245760Kb used=14512Kb max_used=14732Kb free=231247Kb
 bounds [0x00007f6979000000, 0x00007f6979e80000, 0x00007f6988000000]
 total_blobs=5271 nmethods=4783 adapters=408
 compilation: enabled

Compilation events (10 events):
Event: 8.322 Thread 0x00007f69880d2000 4946       4       java.util.HashMap::put (13 bytes)
Event: 8.322 Thread 0x00007f69880d3800 nmethod 4945 0x00007f6979e56a50 code [0x00007f6979e56ba0, 0x00007f6979e56d10]
Event: 8.323 Thread 0x00007f69880cf000 nmethod 4942% 0x00007f6979e53550 code [0x00007f6979e536c0, 0x00007f6979e53998]
Event: 8.324 Thread 0x00007f69880d2000 nmethod 4946 0x00007f6979e51cd0 code [0x00007f6979e51e20, 0x00007f6979e51f48]
Event: 17.059 Thread 0x00007f69880d3800 4947       3       sun.misc.FloatingDecimal$BinaryToASCIIBuffer::dtoa (1509 bytes)
Event: 17.064 Thread 0x00007f69880d3800 nmethod 4947 0x00007f6979e6e210 code [0x00007f6979e6e640, 0x00007f6979e70ef8]
Event: 158.151 Thread 0x00007f69880d3800 4948       3       java.util.Arrays::rangeCheck (74 bytes)
Event: 158.152 Thread 0x00007f69880d3800 nmethod 4948 0x00007f69791acd10 code [0x00007f69791acf80, 0x00007f69791adce8]
Event: 158.165 Thread 0x00007f69880d3800 4949       3       java.lang.Double::toString (8 bytes)
Event: 158.166 Thread 0x00007f69880d3800 nmethod 4949 0x00007f69791c0890 code [0x00007f69791c0a20, 0x00007f69791c0d98]

GC Heap History (10 events):
Event: 3.338 GC heap before
{Heap before GC invocations=3 (full 0):
 PSYoungGen      total 139264K, used 139232K [0x000000076cd80000, 0x0000000775f80000, 0x00000007c0000000)
  eden space 129024K, 100% used [0x000000076cd80000,0x0000000774b80000,0x0000000774b80000)
  from space 10240K, 99% used [0x0000000775580000,0x0000000775f78018,0x0000000775f80000)
  to   space 10240K, 0% used [0x0000000774b80000,0x0000000774b80000,0x0000000775580000)
 ParOldGen       total 171008K, used 52584K [0x00000006c6800000, 0x00000006d0f00000, 0x000000076cd80000)
  object space 171008K, 30% used [0x00000006c6800000,0x00000006c9b5a0f0,0x00000006d0f00000)
 Metaspace       used 13898K, capacity 14100K, committed 14208K, reserved 1060864K
  class space    used 1844K, capacity 1903K, committed 1920K, reserved 1048576K
Event: 3.361 GC heap after
Heap after GC invocations=3 (full 0):
 PSYoungGen      total 139264K, used 10214K [0x000000076cd80000, 0x000000077dd80000, 0x00000007c0000000)
  eden space 129024K, 0% used [0x000000076cd80000,0x000000076cd80000,0x0000000774b80000)
  from space 10240K, 99% used [0x0000000774b80000,0x00000007755799a8,0x0000000775580000)
  to   space 10240K, 0% used [0x000000077d380000,0x000000077d380000,0x000000077dd80000)
 ParOldGen       total 171008K, used 53537K [0x00000006c6800000, 0x00000006d0f00000, 0x000000076cd80000)
  object space 171008K, 31% used [0x00000006c6800000,0x00000006c9c487d0,0x00000006d0f00000)
 Metaspace       used 13898K, capacity 14100K, committed 14208K, reserved 1060864K
  class space    used 1844K, capacity 1903K, committed 1920K, reserved 1048576K
}
Event: 3.792 GC heap before
{Heap before GC invocations=4 (full 0):
 PSYoungGen      total 139264K, used 139238K [0x000000076cd80000, 0x000000077dd80000, 0x00000007c0000000)
  eden space 129024K, 100% used [0x000000076cd80000,0x0000000774b80000,0x0000000774b80000)
  from space 10240K, 99% used [0x0000000774b80000,0x00000007755799a8,0x0000000775580000)
  to   space 10240K, 0% used [0x000000077d380000,0x000000077d380000,0x000000077dd80000)
 ParOldGen       total 171008K, used 53537K [0x00000006c6800000, 0x00000006d0f00000, 0x000000076cd80000)
  object space 171008K, 31% used [0x00000006c6800000,0x00000006c9c487d0,0x00000006d0f00000)
 Metaspace       used 13919K, capacity 14100K, committed 14208K, reserved 1060864K
  class space    used 1844K, capacity 1903K, committed 1920K, reserved 1048576K
Event: 3.822 GC heap after
Heap after GC invocations=4 (full 0):
 PSYoungGen      total 268288K, used 10236K [0x000000076cd80000, 0x000000077dd80000, 0x00000007c0000000)
  eden space 258048K, 0% used [0x000000076cd80000,0x000000076cd80000,0x000000077c980000)
  from space 10240K, 99% used [0x000000077d380000,0x000000077dd7f008,0x000000077dd80000)
  to   space 10240K, 0% used [0x000000077c980000,0x000000077c980000,0x000000077d380000)
 ParOldGen       total 171008K, used 53561K [0x00000006c6800000, 0x00000006d0f00000, 0x000000076cd80000)
  object space 171008K, 31% used [0x00000006c6800000,0x00000006c9c4e7d0,0x00000006d0f00000)
 Metaspace       used 13919K, capacity 14100K, committed 14208K, reserved 1060864K
  class space    used 1844K, capacity 1903K, committed 1920K, reserved 1048576K
}
Event: 4.322 GC heap before
{Heap before GC invocations=5 (full 0):
 PSYoungGen      total 268288K, used 268284K [0x000000076cd80000, 0x000000077dd80000, 0x00000007c0000000)
  eden space 258048K, 100% used [0x000000076cd80000,0x000000077c980000,0x000000077c980000)
  from space 10240K, 99% used [0x000000077d380000,0x000000077dd7f008,0x000000077dd80000)
  to   space 10240K, 0% used [0x000000077c980000,0x000000077c980000,0x000000077d380000)
 ParOldGen       total 171008K, used 53561K [0x00000006c6800000, 0x00000006d0f00000, 0x000000076cd80000)
  object space 171008K, 31% used [0x00000006c6800000,0x00000006c9c4e7d0,0x00000006d0f00000)
 Metaspace       used 13920K, capacity 14100K, committed 14208K, reserved 1060864K
  class space    used 1844K, capacity 1903K, committed 1920K, reserved 1048576K
Event: 4.346 GC heap after
Heap after GC invocations=5 (full 0):
 PSYoungGen      total 268288K, used 10218K [0x000000076cd80000, 0x0000000792c80000, 0x00000007c0000000)
  eden space 258048K, 0% used [0x000000076cd80000,0x000000076cd80000,0x000000077c980000)
  from space 10240K, 99% used [0x000000077c980000,0x000000077d37a890,0x000000077d380000)
  to   space 52736K, 0% used [0x000000078f900000,0x000000078f900000,0x0000000792c80000)
 ParOldGen       total 171008K, used 53625K [0x00000006c6800000, 0x00000006d0f00000, 0x000000076cd80000)
  object space 171008K, 31% used [0x00000006c6800000,0x00000006c9c5e7d0,0x00000006d0f00000)
 Metaspace       used 13920K, capacity 14100K, committed 14208K, reserved 1060864K
  class space    used 1844K, capacity 1903K, committed 1920K, reserved 1048576K
}
Event: 5.094 GC heap before
{Heap before GC invocations=6 (full 0):
 PSYoungGen      total 268288K, used 205956K [0x000000076cd80000, 0x0000000792c80000, 0x00000007c0000000)
  eden space 258048K, 75% used [0x000000076cd80000,0x0000000778ca68e8,0x000000077c980000)
  from space 10240K, 99% used [0x000000077c980000,0x000000077d37a890,0x000000077d380000)
  to   space 52736K, 0% used [0x000000078f900000,0x000000078f900000,0x0000000792c80000)
 ParOldGen       total 171008K, used 53625K [0x00000006c6800000, 0x00000006d0f00000, 0x000000076cd80000)
  object space 171008K, 31% used [0x00000006c6800000,0x00000006c9c5e7d0,0x00000006d0f00000)
 Metaspace       used 20917K, capacity 21094K, committed 21296K, reserved 1067008K
  class space    used 3051K, capacity 3122K, committed 3200K, reserved 1048576K
Event: 5.131 GC heap after
Heap after GC invocations=6 (full 0):
 PSYoungGen      total 559616K, used 18357K [0x000000076cd80000, 0x0000000792380000, 0x00000007c0000000)
  eden space 516096K, 0% used [0x000000076cd80000,0x000000076cd80000,0x000000078c580000)
  from space 43520K, 42% used [0x000000078f900000,0x0000000790aed540,0x0000000792380000)
  to   space 48128K, 0% used [0x000000078c580000,0x000000078c580000,0x000000078f480000)
 ParOldGen       total 171008K, used 53633K [0x00000006c6800000, 0x00000006d0f00000, 0x000000076cd80000)
  object space 171008K, 31% used [0x00000006c6800000,0x00000006c9c607d0,0x00000006d0f00000)
 Metaspace       used 20917K, capacity 21094K, committed 21296K, reserved 1067008K
  class space    used 3051K, capacity 3122K, committed 3200K, reserved 1048576K
}
Event: 5.131 GC heap before
{Heap before GC invocations=7 (full 1):
 PSYoungGen      total 559616K, used 18357K [0x000000076cd80000, 0x0000000792380000, 0x00000007c0000000)
  eden space 516096K, 0% used [0x000000076cd80000,0x000000076cd80000,0x000000078c580000)
  from space 43520K, 42% used [0x000000078f900000,0x0000000790aed540,0x0000000792380000)
  to   space 48128K, 0% used [0x000000078c580000,0x000000078c580000,0x000000078f480000)
 ParOldGen       total 171008K, used 53633K [0x00000006c6800000, 0x00000006d0f00000, 0x000000076cd80000)
  object space 171008K, 31% used [0x00000006c6800000,0x00000006c9c607d0,0x00000006d0f00000)
 Metaspace       used 20917K, capacity 21094K, committed 21296K, reserved 1067008K
  class space    used 3051K, capacity 3122K, committed 3200K, reserved 1048576K
Event: 5.305 GC heap after
Heap after GC invocations=7 (full 1):
 PSYoungGen      total 559616K, used 0K [0x000000076cd80000, 0x0000000792380000, 0x00000007c0000000)
  eden space 516096K, 0% used [0x000000076cd80000,0x000000076cd80000,0x000000078c580000)
  from space 43520K, 0% used [0x000000078f900000,0x000000078f900000,0x0000000792380000)
  to   space 48128K, 0% used [0x000000078c580000,0x000000078c580000,0x000000078f480000)
 ParOldGen       total 196096K, used 65733K [0x00000006c6800000, 0x00000006d2780000, 0x000000076cd80000)
  object space 196096K, 33% used [0x00000006c6800000,0x00000006ca8315d8,0x00000006d2780000)
 Metaspace       used 20917K, capacity 21094K, committed 21296K, reserved 1067008K
  class space    used 3051K, capacity 3122K, committed 3200K, reserved 1048576K
}

Deoptimization events (10 events):
Event: 7.261 Thread 0x00007f698800f800 Uncommon trap: reason=class_check action=maybe_recompile pc=0x00007f6979bd732c method=org.neo4j.cypher.internal.frontend.v2_3.Foldable$TreeAny$.children$extension(Ljava/lang/Object;)Lscala/collection/Iterator; @ 33
Event: 7.261 Thread 0x00007f698800f800 Uncommon trap: reason=bimorphic action=maybe_recompile pc=0x00007f6979c68194 method=scala.runtime.ScalaRunTime$$anon$1.<init>(Lscala/Product;)V @ 16
Event: 7.261 Thread 0x00007f698800f800 Uncommon trap: reason=bimorphic action=maybe_recompile pc=0x00007f6979c68194 method=scala.runtime.ScalaRunTime$$anon$1.<init>(Lscala/Product;)V @ 16
Event: 7.402 Thread 0x00007f698800f800 Uncommon trap: reason=class_check action=maybe_recompile pc=0x00007f6979cfecec method=org.neo4j.cypher.internal.frontend.v2_3.ast.ASTNode$class.dup(Lorg/neo4j/cypher/internal/frontend/v2_3/ast/ASTNode;Lscala/collection/Seq;)Lorg/neo4j/cypher/internal/fron
Event: 7.402 Thread 0x00007f698800f800 Uncommon trap: reason=class_check action=maybe_recompile pc=0x00007f6979cfecec method=org.neo4j.cypher.internal.frontend.v2_3.ast.ASTNode$class.dup(Lorg/neo4j/cypher/internal/frontend/v2_3/ast/ASTNode;Lscala/collection/Seq;)Lorg/neo4j/cypher/internal/fron
Event: 7.409 Thread 0x00007f698800f800 Uncommon trap: reason=class_check action=maybe_recompile pc=0x00007f6979cfecec method=org.neo4j.cypher.internal.frontend.v2_3.ast.ASTNode$class.dup(Lorg/neo4j/cypher/internal/frontend/v2_3/ast/ASTNode;Lscala/collection/Seq;)Lorg/neo4j/cypher/internal/fron
Event: 7.410 Thread 0x00007f698800f800 Uncommon trap: reason=class_check action=maybe_recompile pc=0x00007f6979cfecec method=org.neo4j.cypher.internal.frontend.v2_3.ast.ASTNode$class.dup(Lorg/neo4j/cypher/internal/frontend/v2_3/ast/ASTNode;Lscala/collection/Seq;)Lorg/neo4j/cypher/internal/fron
Event: 7.805 Thread 0x00007f698800f800 Uncommon trap: reason=unstable_if action=reinterpret pc=0x00007f697956e25c method=org.neo4j.kernel.impl.transaction.log.entry.VersionAwareLogEntryReader.commandReader(Lorg/neo4j/kernel/impl/transaction/log/entry/LogEntryVersion;)Lorg/neo4j/kernel/impl/tra
Event: 8.392 Thread 0x00007f698800f800 Uncommon trap: reason=unstable_if action=reinterpret pc=0x00007f69798d22f8 method=java.util.ArrayList.isEmpty()Z @ 4
Event: 17.021 Thread 0x00007f698800f800 Uncommon trap: reason=unstable_if action=reinterpret pc=0x00007f6979e63414 method=sun.misc.FloatingDecimal$BinaryToASCIIBuffer.dtoa(IJIZ)V @ 272

Internal exceptions (10 events):
Event: 1.031 Thread 0x00007f698800f800 Exception <a 'java/lang/ArrayIndexOutOfBoundsException'> (0x000000076e2be1a0) thrown at [/HUDSON/workspace/8-2-build-linux-amd64/jdk8u65/4987/hotspot/src/share/vm/runtime/sharedRuntime.cpp, line 605]
Event: 1.038 Thread 0x00007f698800f800 Exception <a 'java/lang/ArrayIndexOutOfBoundsException'> (0x000000076e2e3580) thrown at [/HUDSON/workspace/8-2-build-linux-amd64/jdk8u65/4987/hotspot/src/share/vm/runtime/sharedRuntime.cpp, line 605]
Event: 1.039 Thread 0x00007f698800f800 Exception <a 'java/lang/ArrayIndexOutOfBoundsException'> (0x000000076e2e4ec0) thrown at [/HUDSON/workspace/8-2-build-linux-amd64/jdk8u65/4987/hotspot/src/share/vm/runtime/sharedRuntime.cpp, line 605]
Event: 1.039 Thread 0x00007f698800f800 Exception <a 'java/lang/ArrayIndexOutOfBoundsException'> (0x000000076e2e6128) thrown at [/HUDSON/workspace/8-2-build-linux-amd64/jdk8u65/4987/hotspot/src/share/vm/runtime/sharedRuntime.cpp, line 605]
Event: 1.047 Thread 0x00007f698800f800 Exception <a 'java/lang/ArrayIndexOutOfBoundsException'> (0x000000076e30bc90) thrown at [/HUDSON/workspace/8-2-build-linux-amd64/jdk8u65/4987/hotspot/src/share/vm/runtime/sharedRuntime.cpp, line 605]
Event: 1.052 Thread 0x00007f698800f800 Exception <a 'java/lang/ArrayIndexOutOfBoundsException'> (0x000000076e31b450) thrown at [/HUDSON/workspace/8-2-build-linux-amd64/jdk8u65/4987/hotspot/src/share/vm/runtime/sharedRuntime.cpp, line 605]
Event: 2.765 Thread 0x00007f698800f800 Exception <a 'java/lang/ArrayIndexOutOfBoundsException': 49> (0x000000076fd54df8) thrown at [/HUDSON/workspace/8-2-build-linux-amd64/jdk8u65/4987/hotspot/src/share/vm/interpreter/interpreterRuntime.cpp, line 366]
Event: 2.767 Thread 0x00007f698800f800 Exception <a 'java/lang/ArrayIndexOutOfBoundsException': 49> (0x000000076fd64f78) thrown at [/HUDSON/workspace/8-2-build-linux-amd64/jdk8u65/4987/hotspot/src/share/vm/interpreter/interpreterRuntime.cpp, line 366]
Event: 4.555 Thread 0x00007f698881c000 Implicit null exception at 0x00007f6979513081 to 0x00007f69795131d9
Event: 7.727 Thread 0x00007f698893a800 Exception <a 'java/lang/InterruptedException'> (0x000000077c9dab90) thrown at [/HUDSON/workspace/8-2-build-linux-amd64/jdk8u65/4987/hotspot/src/share/vm/runtime/objectMonitor.cpp, line 1683]

Events (10 events):
Event: 669.161 Executing VM operation: ChangeBreakpoints
Event: 669.161 Executing VM operation: ChangeBreakpoints done
Event: 669.164 Executing VM operation: RedefineClasses
Event: 669.196 Executing VM operation: RedefineClasses done
Event: 669.212 Executing VM operation: ChangeBreakpoints
Event: 669.214 Executing VM operation: ChangeBreakpoints done
Event: 758.425 Executing VM operation: ChangeBreakpoints
Event: 758.425 Executing VM operation: ChangeBreakpoints done
Event: 1202.448 Executing VM operation: RedefineClasses
Event: 1202.474 Executing VM operation: RedefineClasses done


Dynamic libraries:
00400000-00401000 r-xp 00000000 08:07 5252020                            /usr/lib/java/jdk1.8.0_65/bin/java
00600000-00601000 rw-p 00000000 08:07 5252020                            /usr/lib/java/jdk1.8.0_65/bin/java
00d9e000-00dbf000 rw-p 00000000 00:00 0                                  [heap]
6c6800000-6d2780000 rw-p 00000000 00:00 0 
6d2780000-76cd80000 ---p 00000000 00:00 0 
76cd80000-792380000 rw-p 00000000 00:00 0 
792380000-7c0000000 ---p 00000000 00:00 0 
7c0000000-7c0540000 rw-p 00000000 00:00 0 
7c0540000-800000000 ---p 00000000 00:00 0 
7f690c000000-7f690c021000 rw-p 00000000 00:00 0 
7f690c021000-7f6910000000 ---p 00000000 00:00 0 
7f6914000000-7f6914021000 rw-p 00000000 00:00 0 
7f6914021000-7f6918000000 ---p 00000000 00:00 0 
7f6918000000-7f6918021000 rw-p 00000000 00:00 0 
7f6918021000-7f691c000000 ---p 00000000 00:00 0 
7f691c000000-7f691c021000 rw-p 00000000 00:00 0 
7f691c021000-7f6920000000 ---p 00000000 00:00 0 
7f6920000000-7f6920021000 rw-p 00000000 00:00 0 
7f6920021000-7f6924000000 ---p 00000000 00:00 0 
7f6924000000-7f6924021000 rw-p 00000000 00:00 0 
7f6924021000-7f6928000000 ---p 00000000 00:00 0 
7f6928000000-7f6928021000 rw-p 00000000 00:00 0 
7f6928021000-7f692c000000 ---p 00000000 00:00 0 
7f692c000000-7f692ce06000 rw-p 00000000 00:00 0 
7f692ce06000-7f6930000000 ---p 00000000 00:00 0 
7f6930000000-7f6930021000 rw-p 00000000 00:00 0 
7f6930021000-7f6934000000 ---p 00000000 00:00 0 
7f6934000000-7f6937507000 rw-p 00000000 00:00 0 
7f6937507000-7f6938000000 ---p 00000000 00:00 0 
7f6938000000-7f693a889000 rw-p 00000000 00:00 0 
7f693a889000-7f693c000000 ---p 00000000 00:00 0 
7f693c000000-7f693c16e000 rw-p 00000000 00:00 0 
7f693c16e000-7f6940000000 ---p 00000000 00:00 0 
7f6940000000-7f6940021000 rw-p 00000000 00:00 0 
7f6940021000-7f6944000000 ---p 00000000 00:00 0 
7f6944000000-7f6944021000 rw-p 00000000 00:00 0 
7f6944021000-7f6948000000 ---p 00000000 00:00 0 
7f6948000000-7f69482cf000 rw-p 00000000 00:00 0 
7f69482cf000-7f694c000000 ---p 00000000 00:00 0 
7f694c000000-7f694c021000 rw-p 00000000 00:00 0 
7f694c021000-7f6950000000 ---p 00000000 00:00 0 
7f6950000000-7f6950021000 rw-p 00000000 00:00 0 
7f6950021000-7f6954000000 ---p 00000000 00:00 0 
7f6954000000-7f6954021000 rw-p 00000000 00:00 0 
7f6954021000-7f6958000000 ---p 00000000 00:00 0 
7f6958000000-7f6958021000 rw-p 00000000 00:00 0 
7f6958021000-7f695c000000 ---p 00000000 00:00 0 
7f695c000000-7f695c021000 rw-p 00000000 00:00 0 
7f695c021000-7f6960000000 ---p 00000000 00:00 0 
7f6961dda000-7f6961fda000 rw-p 00000000 00:00 0 
7f6961fda000-7f69621da000 rw-p 00000000 00:00 0 
7f696222d000-7f696242d000 rw-p 00000000 00:00 0 
7f696242d000-7f696262d000 rw-p 00000000 00:00 0 
7f696262d000-7f696282d000 rw-p 00000000 00:00 0 
7f696282d000-7f6962a2d000 rw-p 00000000 00:00 0 
7f6962a2d000-7f6962a30000 ---p 00000000 00:00 0 
7f6962a30000-7f6962d2e000 rw-p 00000000 00:00 0 
7f6962d2e000-7f6962d31000 ---p 00000000 00:00 0 
7f6962d31000-7f6962e2f000 rw-p 00000000 00:00 0 
7f6962e2f000-7f6962e32000 ---p 00000000 00:00 0 
7f6962e32000-7f6963130000 rw-p 00000000 00:00 0 
7f6963e00000-7f6963e40000 rw-p 00000000 00:00 0 
7f6963e40000-7f6964000000 ---p 00000000 00:00 0 
7f6964000000-7f6964021000 rw-p 00000000 00:00 0 
7f6964021000-7f6968000000 ---p 00000000 00:00 0 
7f6968002000-7f6968007000 r--s 00096000 08:07 4988016                    /usr/lib/java/jdk1.8.0_65/jre/lib/jsse.jar
7f69681a3000-7f69683a3000 rw-p 00000000 00:00 0 
7f69683a3000-7f69683a6000 ---p 00000000 00:00 0 
7f69683a6000-7f69684a4000 rw-p 00000000 00:00 0 
7f69684a4000-7f69684a7000 ---p 00000000 00:00 0 
7f69684a7000-7f69685a5000 rw-p 00000000 00:00 0 
7f69685a5000-7f69685b6000 r-xp 00000000 08:07 5118905                    /usr/lib/java/jdk1.8.0_65/jre/lib/amd64/libnio.so
7f69685b6000-7f69687b5000 ---p 00011000 08:07 5118905                    /usr/lib/java/jdk1.8.0_65/jre/lib/amd64/libnio.so
7f69687b5000-7f69687b6000 rw-p 00010000 08:07 5118905                    /usr/lib/java/jdk1.8.0_65/jre/lib/amd64/libnio.so
7f69687b6000-7f69689b6000 rw-p 00000000 00:00 0 
7f69689b6000-7f69689b9000 ---p 00000000 00:00 0 
7f69689b9000-7f6968ab7000 rw-p 00000000 00:00 0 
7f6968ab7000-7f6968acd000 r-xp 00000000 08:07 5118841                    /usr/lib/java/jdk1.8.0_65/jre/lib/amd64/libnet.so
7f6968acd000-7f6968ccd000 ---p 00016000 08:07 5118841                    /usr/lib/java/jdk1.8.0_65/jre/lib/amd64/libnet.so
7f6968ccd000-7f6968cce000 rw-p 00016000 08:07 5118841                    /usr/lib/java/jdk1.8.0_65/jre/lib/amd64/libnet.so
7f6968cce000-7f6968cd6000 r-xp 00000000 08:07 5118824                    /usr/lib/java/jdk1.8.0_65/jre/lib/amd64/libmanagement.so
7f6968cd6000-7f6968ed6000 ---p 00008000 08:07 5118824                    /usr/lib/java/jdk1.8.0_65/jre/lib/amd64/libmanagement.so
7f6968ed6000-7f6968ed7000 rw-p 00008000 08:07 5118824                    /usr/lib/java/jdk1.8.0_65/jre/lib/amd64/libmanagement.so
7f6968ed7000-7f6968f06000 r--s 00257000 08:08 5639742                    /home/llei/IdeaProjects/autohome/AutoHomeAnalysis/lib/mallet-deps.jar
7f6968f06000-7f6968f4f000 r--s 002f8000 08:08 7086003                    /home/llei/IdeaProjects/neo4j-community-2.3-SNAPSHOT/lib/neo4j-cypher-frontend-2.3-2.3-SNAPSHOT.jar
7f6968f4f000-7f6968ffa000 r--s 007ae000 08:08 7086002                    /home/llei/IdeaProjects/neo4j-community-2.3-SNAPSHOT/lib/neo4j-cypher-compiler-2.3-2.3-SNAPSHOT.jar
7f6968ffa000-7f69690cd000 r--s 008e5000 08:08 7085998                    /home/llei/IdeaProjects/neo4j-community-2.3-SNAPSHOT/lib/neo4j-cypher-compiler-2.2_2.11-2.2.3.jar
7f69690cd000-7f6969119000 r--s 002ee000 08:08 7085979                    /home/llei/IdeaProjects/neo4j-community-2.3-SNAPSHOT/lib/neo4j-kernel-2.3-SNAPSHOT.jar
7f6969119000-7f696911e000 r--s 0003d000 08:08 7086014                    /home/llei/IdeaProjects/neo4j-community-2.3-SNAPSHOT/lib/neo4j-shell-2.3-SNAPSHOT.jar
7f696911e000-7f6969121000 r--s 0001a000 08:08 7086009                    /home/llei/IdeaProjects/neo4j-community-2.3-SNAPSHOT/lib/server-api-2.3-SNAPSHOT.jar
7f696912b000-7f696912e000 rw-p 00000000 00:00 0 
7f696912e000-7f6969130000 r--s 00016000 08:07 4723910                    /usr/local/idea/idea-IU-141.1532.4/lib/idea_rt.jar
7f6969130000-7f6969132000 r--s 00007000 08:08 5639754                    /home/llei/IdeaProjects/autohome/AutoHomeAnalysis/lib/args4j-2.0.6.jar
7f6969132000-7f696914a000 r--s 001ef000 08:08 5638895                    /home/llei/IdeaProjects/autohome/AutoHomeAnalysis/lib/mallet.jar
7f696914a000-7f696914f000 r--s 00036000 08:08 7085987                    /home/llei/IdeaProjects/neo4j-community-2.3-SNAPSHOT/lib/neo4j-lucene-index-2.3-SNAPSHOT.jar
7f696914f000-7f6969152000 r--s 0000a000 08:08 7086011                    /home/llei/IdeaProjects/neo4j-community-2.3-SNAPSHOT/lib/neo4j-bolt-runtime-2.3-SNAPSHOT.jar
7f6969152000-7f6969153000 r--s 0000a000 08:08 7086016                    /home/llei/IdeaProjects/neo4j-community-2.3-SNAPSHOT/lib/neo4j-import-tool-2.3-SNAPSHOT.jar
7f6969153000-7f6969158000 r--s 00029000 08:08 7085989                    /home/llei/IdeaProjects/neo4j-community-2.3-SNAPSHOT/lib/neo4j-graph-algo-2.3-SNAPSHOT.jar
7f6969158000-7f696915c000 r--s 0000d000 08:08 7085982                    /home/llei/IdeaProjects/neo4j-community-2.3-SNAPSHOT/lib/neo4j-function-2.3-SNAPSHOT.jar
7f696915c000-7f6969160000 r--s 00035000 08:08 7085999                    /home/llei/IdeaProjects/neo4j-community-2.3-SNAPSHOT/lib/parboiled-scala_2.11-1.1.7.jar
7f6969160000-7f6969162000 r--s 0000f000 08:08 7085986                    /home/llei/IdeaProjects/neo4j-community-2.3-SNAPSHOT/lib/neo4j-logging-2.3-SNAPSHOT.jar
7f6969162000-7f6969166000 r--s 0001d000 08:08 7085996                    /home/llei/IdeaProjects/neo4j-community-2.3-SNAPSHOT/lib/neo4j-codegen-2.3-SNAPSHOT.jar
7f6969166000-7f696917e000 r--s 00100000 08:08 7085992                    /home/llei/IdeaProjects/neo4j-community-2.3-SNAPSHOT/lib/neo4j-cypher-2.3-SNAPSHOT.jar
7f696917e000-7f6969181000 r--s 0000b000 08:08 5639455                    /home/llei/IdeaProjects/autohome/AutoHomeAnalysis/lib/concurrentlinkedhashmap-lru-1.3.1.jar
7f6969181000-7f6969187000 r--s 00041000 08:08 5638535                    /home/llei/IdeaProjects/autohome/AutoHomeAnalysis/lib/htmlparser1_6.jar
7f6969187000-7f6969189000 r--s 00016000 08:07 4726192                    /usr/local/idea/idea-IU-141.1532.4/jar/json.jar
7f6969189000-7f69691a5000 r--s 00109000 08:08 7086004                    /home/llei/IdeaProjects/neo4j-community-2.3-SNAPSHOT/lib/neo4j-cypher-frontend-2.3-2.3-SNAPSHOT-tests.jar
7f69691a5000-7f69691ad000 r--s 00049000 08:08 7086008                    /home/llei/IdeaProjects/neo4j-community-2.3-SNAPSHOT/lib/neo4j-consistency-check-legacy-2.3-SNAPSHOT.jar
7f69691ad000-7f69691b3000 r--s 00029000 08:08 7085980                    /home/llei/IdeaProjects/neo4j-community-2.3-SNAPSHOT/lib/neo4j-primitive-collections-2.3-SNAPSHOT.jar
7f69691b3000-7f69691b5000 r--s 00007000 08:08 7086010                    /home/llei/IdeaProjects/neo4j-community-2.3-SNAPSHOT/lib/neo4j-bolt-transport-socket-2.3-SNAPSHOT.jar
7f69691b5000-7f69691b7000 r--s 00004000 08:08 7086013                    /home/llei/IdeaProjects/neo4j-community-2.3-SNAPSHOT/lib/neo4j-bolt-packstream-v1-2.3-SNAPSHOT.jar
7f69691b7000-7f69691fb000 r--s 00296000 08:08 7085997                    /home/llei/IdeaProjects/neo4j-community-2.3-SNAPSHOT/lib/neo4j-cypher-compiler-1.9_2.11-2.0.5.jar
7f69691fb000-7f6969204000 r--s 00053000 08:08 7086007                    /home/llei/IdeaProjects/neo4j-community-2.3-SNAPSHOT/lib/neo4j-consistency-check-2.3-SNAPSHOT.jar
7f6969204000-7f6969206000 r--s 0000e000 08:08 7086012                    /home/llei/IdeaProjects/neo4j-community-2.3-SNAPSHOT/lib/neo4j-bolt-messaging-v1-2.3-SNAPSHOT.jar
7f6969206000-7f6969211000 r--s 0005d000 08:08 7085995                    /home/llei/IdeaProjects/neo4j-community-2.3-SNAPSHOT/lib/scala-parser-combinators_2.11-1.0.4.jar
7f6969211000-7f6969213000 r--s 0000c000 08:08 7085991                    /home/llei/IdeaProjects/neo4j-community-2.3-SNAPSHOT/lib/neo4j-graph-matching-2.3-SNAPSHOT.jar
7f6969213000-7f6969217000 r--s 00019000 08:08 7086001                    /home/llei/IdeaProjects/neo4j-community-2.3-SNAPSHOT/lib/concurrentlinkedhashmap-lru-1.4.2.jar
7f6969217000-7f6969219000 r--s 0000a000 08:08 7086006                    /home/llei/IdeaProjects/neo4j-community-2.3-SNAPSHOT/lib/neo4j-jmx-2.3-SNAPSHOT.jar
7f6969219000-7f696921b000 r--s 0000f000 08:08 7085985                    /home/llei/IdeaProjects/neo4j-community-2.3-SNAPSHOT/lib/neo4j-csv-2.3-SNAPSHOT.jar
7f696921b000-7f696921e000 r--s 0001d000 08:08 7085983                    /home/llei/IdeaProjects/neo4j-community-2.3-SNAPSHOT/lib/neo4j-io-2.3-SNAPSHOT.jar
7f696921e000-7f696926a000 r--s 00412000 08:08 7085994                    /home/llei/IdeaProjects/neo4j-community-2.3-SNAPSHOT/lib/scala-reflect-2.11.7.jar
7f696926a000-7f69692c2000 r--s 00523000 08:08 7085993                    /home/llei/IdeaProjects/neo4j-community-2.3-SNAPSHOT/lib/scala-library-2.11.7.jar
7f69692c2000-7f69692c7000 r--s 00029000 08:08 7086000                    /home/llei/IdeaProjects/neo4j-community-2.3-SNAPSHOT/lib/parboiled-core-1.1.7.jar
7f69692c7000-7f69692ce000 r--s 0005e000 08:08 7085984                    /home/llei/IdeaProjects/neo4j-community-2.3-SNAPSHOT/lib/commons-lang3-3.3.2.jar
7f69692ce000-7f69692e7000 r--s 0015f000 08:08 7085988                    /home/llei/IdeaProjects/neo4j-community-2.3-SNAPSHOT/lib/lucene-core-3.6.2.jar
7f69692e7000-7f6969302000 r--s 001fe000 08:07 4988019                    /usr/lib/java/jdk1.8.0_65/jre/lib/deploy.jar
7f6969302000-7f6969315000 r--s 000d5000 08:07 4988004                    /usr/lib/java/jdk1.8.0_65/jre/lib/plugin.jar
7f6969315000-7f6969316000 ---p 00000000 00:00 0 
7f6969316000-7f6969416000 rw-p 00000000 00:00 0                          [stack:19015]
7f6969416000-7f6969419000 ---p 00000000 00:00 0 
7f6969419000-7f6969517000 rw-p 00000000 00:00 0                          [stack:19014]
7f6969517000-7f696951a000 ---p 00000000 00:00 0 
7f696951a000-7f6969618000 rw-p 00000000 00:00 0                          [stack:19012]
7f6969618000-7f696961b000 ---p 00000000 00:00 0 
7f696961b000-7f6969719000 rw-p 00000000 00:00 0                          [stack:19009]
7f6969719000-7f696971c000 ---p 00000000 00:00 0 
7f696971c000-7f696981a000 rw-p 00000000 00:00 0                          [stack:19008]
7f696981a000-7f696981d000 ---p 00000000 00:00 0 
7f696981d000-7f696991b000 rw-p 00000000 00:00 0                          [stack:19007]
7f696991b000-7f696991e000 ---p 00000000 00:00 0 
7f696991e000-7f6969a1c000 rw-p 00000000 00:00 0                          [stack:19005]
7f6969a1c000-7f6969a1f000 ---p 00000000 00:00 0 
7f6969a1f000-7f6969b1d000 rw-p 00000000 00:00 0                          [stack:19003]
7f6969b1d000-7f6969b21000 r-xp 00000000 08:07 5118795                    /usr/lib/java/jdk1.8.0_65/jre/lib/amd64/libdt_socket.so
7f6969b21000-7f6969d20000 ---p 00004000 08:07 5118795                    /usr/lib/java/jdk1.8.0_65/jre/lib/amd64/libdt_socket.so
7f6969d20000-7f6969d21000 rw-p 00003000 08:07 5118795                    /usr/lib/java/jdk1.8.0_65/jre/lib/amd64/libdt_socket.so
7f6969d21000-7f6969d24000 ---p 00000000 00:00 0 
7f6969d24000-7f6969e22000 rw-p 00000000 00:00 0                          [stack:19002]
7f6969e22000-7f6969e25000 ---p 00000000 00:00 0 
7f6969e25000-7f6969f23000 rw-p 00000000 00:00 0                          [stack:19001]
7f6969f23000-7f6969f26000 ---p 00000000 00:00 0 
7f6969f26000-7f696a024000 rw-p 00000000 00:00 0                          [stack:19000]
7f696a024000-7f696a025000 ---p 00000000 00:00 0 
7f696a025000-7f696c000000 rw-p 00000000 00:00 0                          [stack:18999]
7f696c000000-7f696c023000 rw-p 00000000 00:00 0 
7f696c023000-7f6970000000 ---p 00000000 00:00 0 
7f6970000000-7f6970001000 r--s 00006000 08:08 7085981                    /home/llei/IdeaProjects/neo4j-community-2.3-SNAPSHOT/lib/neo4j-unsafe-2.3-SNAPSHOT.jar
7f6970001000-7f6970005000 r--s 00031000 08:08 7086015                    /home/llei/IdeaProjects/neo4j-community-2.3-SNAPSHOT/lib/jline-2.12.jar
7f6970005000-7f697000a000 r--s 00083000 08:07 4988014                    /usr/lib/java/jdk1.8.0_65/jre/lib/jfr.jar
7f697000a000-7f697001c000 r--s 00345000 08:07 4988024                    /usr/lib/java/jdk1.8.0_65/jre/lib/resources.jar
7f697001c000-7f69700ef000 rw-p 00000000 00:00 0 
7f69700ef000-7f69702c7000 r--s 03d20000 08:07 4988013                    /usr/lib/java/jdk1.8.0_65/jre/lib/rt.jar
7f69702c7000-7f6977ffd000 rw-p 00000000 00:00 0 
7f6977ffd000-7f6977ffe000 ---p 00000000 00:00 0 
7f6977ffe000-7f69780fe000 rw-p 00000000 00:00 0                          [stack:18998]
7f69780fe000-7f69780ff000 ---p 00000000 00:00 0 
7f69780ff000-7f69781ff000 rw-p 00000000 00:00 0                          [stack:18997]
7f69781ff000-7f6978200000 ---p 00000000 00:00 0 
7f6978200000-7f6978360000 rw-p 00000000 00:00 0                          [stack:18996]
7f6978360000-7f6978833000 ---p 00000000 00:00 0 
7f6978833000-7f6978893000 rw-p 00000000 00:00 0 
7f6978893000-7f6978d65000 ---p 00000000 00:00 0 
7f6978d65000-7f6978e91000 rw-p 00000000 00:00 0 
7f6978e91000-7f6978fff000 ---p 00000000 00:00 0 
7f6978fff000-7f6979000000 rw-p 00000000 00:00 0 
7f6979000000-7f6979e80000 rwxp 00000000 00:00 0 
7f6979e80000-7f6988000000 ---p 00000000 00:00 0 
7f6988000000-7f698a5db000 rw-p 00000000 00:00 0 
7f698a5db000-7f698c000000 ---p 00000000 00:00 0 
7f698c000000-7f698c021000 rw-p 00000000 00:00 0 
7f698c021000-7f698c022000 ---p 00000000 00:00 0 
7f698c022000-7f698c15c000 rw-p 00000000 00:00 0                          [stack:18995]
7f698c15c000-7f698c4e2000 ---p 00000000 00:00 0 
7f698c4e2000-7f698c4fc000 r-xp 00000000 08:07 5118834                    /usr/lib/java/jdk1.8.0_65/jre/lib/amd64/libzip.so
7f698c4fc000-7f698c6fc000 ---p 0001a000 08:07 5118834                    /usr/lib/java/jdk1.8.0_65/jre/lib/amd64/libzip.so
7f698c6fc000-7f698c6fd000 rw-p 0001a000 08:07 5118834                    /usr/lib/java/jdk1.8.0_65/jre/lib/amd64/libzip.so
7f698c6fd000-7f698c708000 r-xp 00000000 08:06 1453746                    /lib/x86_64-linux-gnu/libnss_files-2.19.so
7f698c708000-7f698c907000 ---p 0000b000 08:06 1453746                    /lib/x86_64-linux-gnu/libnss_files-2.19.so
7f698c907000-7f698c908000 r--p 0000a000 08:06 1453746                    /lib/x86_64-linux-gnu/libnss_files-2.19.so
7f698c908000-7f698c909000 rw-p 0000b000 08:06 1453746                    /lib/x86_64-linux-gnu/libnss_files-2.19.so
7f698c909000-7f698c914000 r-xp 00000000 08:06 1453748                    /lib/x86_64-linux-gnu/libnss_nis-2.19.so
7f698c914000-7f698cb13000 ---p 0000b000 08:06 1453748                    /lib/x86_64-linux-gnu/libnss_nis-2.19.so
7f698cb13000-7f698cb14000 r--p 0000a000 08:06 1453748                    /lib/x86_64-linux-gnu/libnss_nis-2.19.so
7f698cb14000-7f698cb15000 rw-p 0000b000 08:06 1453748                    /lib/x86_64-linux-gnu/libnss_nis-2.19.so
7f698cb15000-7f698cb2c000 r-xp 00000000 08:06 1449938                    /lib/x86_64-linux-gnu/libnsl-2.19.so
7f698cb2c000-7f698cd2b000 ---p 00017000 08:06 1449938                    /lib/x86_64-linux-gnu/libnsl-2.19.so
7f698cd2b000-7f698cd2c000 r--p 00016000 08:06 1449938                    /lib/x86_64-linux-gnu/libnsl-2.19.so
7f698cd2c000-7f698cd2d000 rw-p 00017000 08:06 1449938                    /lib/x86_64-linux-gnu/libnsl-2.19.so
7f698cd2d000-7f698cd2f000 rw-p 00000000 00:00 0 
7f698cd2f000-7f698cd38000 r-xp 00000000 08:06 1449939                    /lib/x86_64-linux-gnu/libnss_compat-2.19.so
7f698cd38000-7f698cf37000 ---p 00009000 08:06 1449939                    /lib/x86_64-linux-gnu/libnss_compat-2.19.so
7f698cf37000-7f698cf38000 r--p 00008000 08:06 1449939                    /lib/x86_64-linux-gnu/libnss_compat-2.19.so
7f698cf38000-7f698cf39000 rw-p 00009000 08:06 1449939                    /lib/x86_64-linux-gnu/libnss_compat-2.19.so
7f698cf39000-7f698d61f000 r--p 00000000 08:07 5117211                    /usr/lib/locale/locale-archive
7f698d61f000-7f698d621000 r-xp 00000000 08:07 5118813                    /usr/lib/java/jdk1.8.0_65/jre/lib/amd64/libnpt.so
7f698d621000-7f698d821000 ---p 00002000 08:07 5118813                    /usr/lib/java/jdk1.8.0_65/jre/lib/amd64/libnpt.so
7f698d821000-7f698d822000 rw-p 00002000 08:07 5118813                    /usr/lib/java/jdk1.8.0_65/jre/lib/amd64/libnpt.so
7f698d822000-7f698d85b000 r-xp 00000000 08:07 5118821                    /usr/lib/java/jdk1.8.0_65/jre/lib/amd64/libjdwp.so
7f698d85b000-7f698da5a000 ---p 00039000 08:07 5118821                    /usr/lib/java/jdk1.8.0_65/jre/lib/amd64/libjdwp.so
7f698da5a000-7f698da5c000 rw-p 00038000 08:07 5118821                    /usr/lib/java/jdk1.8.0_65/jre/lib/amd64/libjdwp.so
7f698da5c000-7f698da86000 r-xp 00000000 08:07 5118805                    /usr/lib/java/jdk1.8.0_65/jre/lib/amd64/libjava.so
7f698da86000-7f698dc86000 ---p 0002a000 08:07 5118805                    /usr/lib/java/jdk1.8.0_65/jre/lib/amd64/libjava.so
7f698dc86000-7f698dc88000 rw-p 0002a000 08:07 5118805                    /usr/lib/java/jdk1.8.0_65/jre/lib/amd64/libjava.so
7f698dc88000-7f698dc95000 r-xp 00000000 08:07 5118827                    /usr/lib/java/jdk1.8.0_65/jre/lib/amd64/libverify.so
7f698dc95000-7f698de95000 ---p 0000d000 08:07 5118827                    /usr/lib/java/jdk1.8.0_65/jre/lib/amd64/libverify.so
7f698de95000-7f698de97000 rw-p 0000d000 08:07 5118827                    /usr/lib/java/jdk1.8.0_65/jre/lib/amd64/libverify.so
7f698de97000-7f698de9e000 r-xp 00000000 08:06 1453749                    /lib/x86_64-linux-gnu/librt-2.19.so
7f698de9e000-7f698e09d000 ---p 00007000 08:06 1453749                    /lib/x86_64-linux-gnu/librt-2.19.so
7f698e09d000-7f698e09e000 r--p 00006000 08:06 1453749                    /lib/x86_64-linux-gnu/librt-2.19.so
7f698e09e000-7f698e09f000 rw-p 00007000 08:06 1453749                    /lib/x86_64-linux-gnu/librt-2.19.so
7f698e09f000-7f698e1a4000 r-xp 00000000 08:06 1446690                    /lib/x86_64-linux-gnu/libm-2.19.so
7f698e1a4000-7f698e3a3000 ---p 00105000 08:06 1446690                    /lib/x86_64-linux-gnu/libm-2.19.so
7f698e3a3000-7f698e3a4000 r--p 00104000 08:06 1446690                    /lib/x86_64-linux-gnu/libm-2.19.so
7f698e3a4000-7f698e3a5000 rw-p 00105000 08:06 1446690                    /lib/x86_64-linux-gnu/libm-2.19.so
7f698e3a5000-7f698f063000 r-xp 00000000 08:07 5251950                    /usr/lib/java/jdk1.8.0_65/jre/lib/amd64/server/libjvm.so
7f698f063000-7f698f262000 ---p 00cbe000 08:07 5251950                    /usr/lib/java/jdk1.8.0_65/jre/lib/amd64/server/libjvm.so
7f698f262000-7f698f33a000 rw-p 00cbd000 08:07 5251950                    /usr/lib/java/jdk1.8.0_65/jre/lib/amd64/server/libjvm.so
7f698f33a000-7f698f37f000 rw-p 00000000 00:00 0 
7f698f37f000-7f698f539000 r-xp 00000000 08:06 1453747                    /lib/x86_64-linux-gnu/libc-2.19.so
7f698f539000-7f698f738000 ---p 001ba000 08:06 1453747                    /lib/x86_64-linux-gnu/libc-2.19.so
7f698f738000-7f698f73c000 r--p 001b9000 08:06 1453747                    /lib/x86_64-linux-gnu/libc-2.19.so
7f698f73c000-7f698f73e000 rw-p 001bd000 08:06 1453747                    /lib/x86_64-linux-gnu/libc-2.19.so
7f698f73e000-7f698f743000 rw-p 00000000 00:00 0 
7f698f743000-7f698f746000 r-xp 00000000 08:06 1449941                    /lib/x86_64-linux-gnu/libdl-2.19.so
7f698f746000-7f698f945000 ---p 00003000 08:06 1449941                    /lib/x86_64-linux-gnu/libdl-2.19.so
7f698f945000-7f698f946000 r--p 00002000 08:06 1449941                    /lib/x86_64-linux-gnu/libdl-2.19.so
7f698f946000-7f698f947000 rw-p 00003000 08:06 1449941                    /lib/x86_64-linux-gnu/libdl-2.19.so
7f698f947000-7f698f95c000 r-xp 00000000 08:07 5251219                    /usr/lib/java/jdk1.8.0_65/lib/amd64/jli/libjli.so
7f698f95c000-7f698fb5c000 ---p 00015000 08:07 5251219                    /usr/lib/java/jdk1.8.0_65/lib/amd64/jli/libjli.so
7f698fb5c000-7f698fb5d000 rw-p 00015000 08:07 5251219                    /usr/lib/java/jdk1.8.0_65/lib/amd64/jli/libjli.so
7f698fb5d000-7f698fb76000 r-xp 00000000 08:06 1449942                    /lib/x86_64-linux-gnu/libpthread-2.19.so
7f698fb76000-7f698fd75000 ---p 00019000 08:06 1449942                    /lib/x86_64-linux-gnu/libpthread-2.19.so
7f698fd75000-7f698fd76000 r--p 00018000 08:06 1449942                    /lib/x86_64-linux-gnu/libpthread-2.19.so
7f698fd76000-7f698fd77000 rw-p 00019000 08:06 1449942                    /lib/x86_64-linux-gnu/libpthread-2.19.so
7f698fd77000-7f698fd7b000 rw-p 00000000 00:00 0 
7f698fd7b000-7f698fd9e000 r-xp 00000000 08:06 1449948                    /lib/x86_64-linux-gnu/ld-2.19.so
7f698fd9e000-7f698fd9f000 r--s 00009000 08:08 7085990                    /home/llei/IdeaProjects/neo4j-community-2.3-SNAPSHOT/lib/neo4j-udc-2.3-SNAPSHOT.jar
7f698fd9f000-7f698fda4000 r--s 00096000 08:07 4988016                    /usr/lib/java/jdk1.8.0_65/jre/lib/jsse.jar
7f698fda4000-7f698fdaa000 r--s 002f8000 08:07 4988005                    /usr/lib/java/jdk1.8.0_65/jre/lib/charsets.jar
7f698fdaa000-7f698fdad000 r--s 0001a000 08:07 4988006                    /usr/lib/java/jdk1.8.0_65/jre/lib/jce.jar
7f698fdad000-7f698fe7e000 rw-p 00000000 00:00 0 
7f698fe7e000-7f698fe81000 ---p 00000000 00:00 0 
7f698fe81000-7f698ff83000 rw-p 00000000 00:00 0                          [stack:18994]
7f698ff83000-7f698ff84000 r--s 00004000 08:08 7086005                    /home/llei/IdeaProjects/neo4j-community-2.3-SNAPSHOT/lib/opencsv-2.3.jar
7f698ff84000-7f698ff85000 r--s 00000000 08:07 4988010                    /usr/lib/java/jdk1.8.0_65/jre/lib/management-agent.jar
7f698ff85000-7f698ff8f000 r--s 0006b000 08:07 4987995                    /usr/lib/java/jdk1.8.0_65/jre/lib/javaws.jar
7f698ff8f000-7f698ff91000 r--s 00007000 08:07 4988027                    /usr/lib/java/jdk1.8.0_65/jre/lib/jfxswt.jar
7f698ff91000-7f698ff99000 rw-s 00000000 08:06 1319126                    /tmp/hsperfdata_llei/18993
7f698ff99000-7f698ff9a000 rw-p 00000000 00:00 0 
7f698ff9a000-7f698ff9b000 r--p 00000000 00:00 0 
7f698ff9b000-7f698ff9d000 rw-p 00000000 00:00 0 
7f698ff9d000-7f698ff9e000 r--p 00022000 08:06 1449948                    /lib/x86_64-linux-gnu/ld-2.19.so
7f698ff9e000-7f698ff9f000 rw-p 00023000 08:06 1449948                    /lib/x86_64-linux-gnu/ld-2.19.so
7f698ff9f000-7f698ffa0000 rw-p 00000000 00:00 0 
7ffcc08c2000-7ffcc08e4000 rw-p 00000000 00:00 0                          [stack]
7ffcc09f2000-7ffcc09f4000 r--p 00000000 00:00 0                          [vvar]
7ffcc09f4000-7ffcc09f6000 r-xp 00000000 00:00 0                          [vdso]
ffffffffff600000-ffffffffff601000 r-xp 00000000 00:00 0                  [vsyscall]

VM Arguments:
jvm_args: -agentlib:jdwp=transport=dt_socket,address=127.0.0.1:51368,suspend=y,server=n -Dfile.encoding=UTF-8 
java_command: com.algorithm.LDA.ClassifySeries
java_class_path (initial): /usr/lib/java/jdk1.8.0_65/jre/lib/resources.jar:/usr/lib/java/jdk1.8.0_65/jre/lib/jfxswt.jar:/usr/lib/java/jdk1.8.0_65/jre/lib/plugin.jar:/usr/lib/java/jdk1.8.0_65/jre/lib/javaws.jar:/usr/lib/java/jdk1.8.0_65/jre/lib/jce.jar:/usr/lib/java/jdk1.8.0_65/jre/lib/management-agent.jar:/usr/lib/java/jdk1.8.0_65/jre/lib/charsets.jar:/usr/lib/java/jdk1.8.0_65/jre/lib/rt.jar:/usr/lib/java/jdk1.8.0_65/jre/lib/jsse.jar:/usr/lib/java/jdk1.8.0_65/jre/lib/deploy.jar:/usr/lib/java/jdk1.8.0_65/jre/lib/jfr.jar:/usr/lib/java/jdk1.8.0_65/jre/lib/ext/zipfs.jar:/usr/lib/java/jdk1.8.0_65/jre/lib/ext/sunec.jar:/usr/lib/java/jdk1.8.0_65/jre/lib/ext/jaccess.jar:/usr/lib/java/jdk1.8.0_65/jre/lib/ext/nashorn.jar:/usr/lib/java/jdk1.8.0_65/jre/lib/ext/cldrdata.jar:/usr/lib/java/jdk1.8.0_65/jre/lib/ext/dnsns.jar:/usr/lib/java/jdk1.8.0_65/jre/lib/ext/jfxrt.jar:/usr/lib/java/jdk1.8.0_65/jre/lib/ext/sunjce_provider.jar:/usr/lib/java/jdk1.8.0_65/jre/lib/ext/localedata.jar:/usr/lib/java/jdk1.8.0_65/jre/lib/ext/sunpkcs11.jar:/home/llei/IdeaProjects/autohome/AutoHomeAnalysis/out/production/AutoHomeAnalysis:/home/llei/IdeaProjects/neo4j-community-2.3-SNAPSHOT/lib/jline-2.12.jar:/home/llei/IdeaProjects/neo4j-community-2.3-SNAPSHOT/lib/opencsv-2.3.jar:/home/llei/IdeaProjects/neo4j-community-2.3-SNAPSHOT/lib/lucene-core-3.6.2.jar:/home/llei/IdeaProjects/neo4j-community-2.3-SNAPSHOT/lib/commons-lang3-3.3.2.jar:/home/llei/IdeaProjects/neo4j-community-2.3-SNAPSHOT/lib/parboiled-core-1.1.7.jar:/home/llei/IdeaProjects/neo4j-community-2.3-SNAPSHOT/lib/scala-library-2.11.7.jar:/home/llei/IdeaProjects/neo4j-community-2.3-SNAPSHOT/lib/scala-reflect-2.11.7.jar:/home/llei/IdeaProjects/neo4j-community-2.3-SNAPSHOT/lib/neo4j-io-2.3-SNAPSHOT.jar:/home/llei/IdeaProjects/neo4j-community-2.3-SNAPSHOT/lib/neo4j-csv-2.3-SNAPSHOT.jar:/home/llei/IdeaProjects/neo4j-community-2.3-SNAPSHOT/lib/neo4j-jmx-2.3-SNAPSHOT.jar:/home/llei/IdeaProjects/neo4j-community-2.3-SNAPSHOT/lib/neo4j-udc-2.3-SNAPSHOT.jar
Launcher Type: SUN_STANDARD

Environment Variables:
PATH=/usr/local/sbin:/usr/local/bin:/usr/sbin:/usr/bin:/sbin:/bin:/usr/games:/usr/local/games
LD_LIBRARY_PATH=/usr/local/idea/idea-IU-141.1532.4/bin:
SHELL=/bin/bash
DISPLAY=:0

Signal Handlers:
SIGSEGV: [libjvm.so+0xaba070], sa_mask[0]=11111111011111111101111111111110, sa_flags=SA_RESTART|SA_SIGINFO
SIGBUS: [libjvm.so+0xaba070], sa_mask[0]=11111111011111111101111111111110, sa_flags=SA_RESTART|SA_SIGINFO
SIGFPE: [libjvm.so+0x917630], sa_mask[0]=11111111011111111101111111111110, sa_flags=SA_RESTART|SA_SIGINFO
SIGPIPE: [libjvm.so+0x917630], sa_mask[0]=11111111011111111101111111111110, sa_flags=SA_RESTART|SA_SIGINFO
SIGXFSZ: [libjvm.so+0x917630], sa_mask[0]=11111111011111111101111111111110, sa_flags=SA_RESTART|SA_SIGINFO
SIGILL: [libjvm.so+0x917630], sa_mask[0]=11111111011111111101111111111110, sa_flags=SA_RESTART|SA_SIGINFO
SIGUSR1: SIG_DFL, sa_mask[0]=00000000000000000000000000000000, sa_flags=none
SIGUSR2: [libjvm.so+0x918c60], sa_mask[0]=00100000000000000000000000000000, sa_flags=SA_RESTART|SA_SIGINFO
SIGHUP: [libjvm.so+0x91a060], sa_mask[0]=11111111011111111101111111111110, sa_flags=SA_RESTART|SA_SIGINFO
SIGINT: [libjvm.so+0x91a060], sa_mask[0]=11111111011111111101111111111110, sa_flags=SA_RESTART|SA_SIGINFO
SIGTERM: [libjvm.so+0x91a060], sa_mask[0]=11111111011111111101111111111110, sa_flags=SA_RESTART|SA_SIGINFO
SIGQUIT: [libjvm.so+0x91a060], sa_mask[0]=11111111011111111101111111111110, sa_flags=SA_RESTART|SA_SIGINFO


---------------  S Y S T E M  ---------------

OS:DISTRIB_ID=Ubuntu
DISTRIB_RELEASE=14.10
DISTRIB_CODENAME=utopic
DISTRIB_DESCRIPTION="Ubuntu 14.10"

uname:Linux 3.19.0-26-generic #28~14.04.1-Ubuntu SMP Wed Aug 12 14:09:17 UTC 2015 x86_64
libc:glibc 2.19 NPTL 2.19 
rlimit: STACK 8192k, CORE 0k, NPROC 63770, NOFILE 4096, AS infinity
load average:0.61 0.57 0.53

/proc/meminfo:
MemTotal:       16347484 kB
MemFree:        10205896 kB
MemAvailable:   12331188 kB
Buffers:          118968 kB
Cached:          2245712 kB
SwapCached:            0 kB
Active:          4449736 kB
Inactive:        1395132 kB
Active(anon):    3481468 kB
Inactive(anon):   101492 kB
Active(file):     968268 kB
Inactive(file):  1293640 kB
Unevictable:          96 kB
Mlocked:              96 kB
SwapTotal:             0 kB
SwapFree:              0 kB
Dirty:             11024 kB
Writeback:             0 kB
AnonPages:       3480496 kB
Mapped:           558188 kB
Shmem:            102784 kB
Slab:             114844 kB
SReclaimable:      64656 kB
SUnreclaim:        50188 kB
KernelStack:       11040 kB
PageTables:        45512 kB
NFS_Unstable:          0 kB
Bounce:                0 kB
WritebackTmp:          0 kB
CommitLimit:     8173740 kB
Committed_AS:    9532544 kB
VmallocTotal:   34359738367 kB
VmallocUsed:      140276 kB
VmallocChunk:   34359594492 kB
HardwareCorrupted:     0 kB
AnonHugePages:   2211840 kB
CmaTotal:              0 kB
CmaFree:               0 kB
HugePages_Total:       0
HugePages_Free:        0
HugePages_Rsvd:        0
HugePages_Surp:        0
Hugepagesize:       2048 kB
DirectMap4k:      257980 kB
DirectMap2M:     6995968 kB
DirectMap1G:    11534336 kB


CPU:total 4 (4 cores per cpu, 1 threads per core) family 6 model 45 stepping 7, cmov, cx8, fxsr, mmx, sse, sse2, sse3, ssse3, sse4.1, sse4.2, popcnt, avx, aes, clmul, tsc, tscinvbit, tscinv

/proc/cpuinfo:
processor	: 0
vendor_id	: GenuineIntel
cpu family	: 6
model		: 45
model name	: Intel(R) Xeon(R) CPU E5-1603 0 @ 2.80GHz
stepping	: 7
microcode	: 0x710
cpu MHz		: 2799.890
cache size	: 10240 KB
physical id	: 0
siblings	: 4
core id		: 0
cpu cores	: 4
apicid		: 0
initial apicid	: 0
fpu		: yes
fpu_exception	: yes
cpuid level	: 13
wp		: yes
flags		: fpu vme de pse tsc msr pae mce cx8 apic sep mtrr pge mca cmov pat pse36 clflush dts acpi mmx fxsr sse sse2 ss ht tm pbe syscall nx pdpe1gb rdtscp lm constant_tsc arch_perfmon pebs bts rep_good nopl xtopology nonstop_tsc aperfmperf eagerfpu pni pclmulqdq dtes64 monitor ds_cpl vmx smx est tm2 ssse3 cx16 xtpr pdcm pcid dca sse4_1 sse4_2 x2apic popcnt tsc_deadline_timer aes xsave avx lahf_lm arat epb pln pts dtherm tpr_shadow vnmi flexpriority ept vpid xsaveopt
bugs		:
bogomips	: 5599.97
clflush size	: 64
cache_alignment	: 64
address sizes	: 46 bits physical, 48 bits virtual
power management:

processor	: 1
vendor_id	: GenuineIntel
cpu family	: 6
model		: 45
model name	: Intel(R) Xeon(R) CPU E5-1603 0 @ 2.80GHz
stepping	: 7
microcode	: 0x710
cpu MHz		: 2799.890
cache size	: 10240 KB
physical id	: 0
siblings	: 4
core id		: 1
cpu cores	: 4
apicid		: 2
initial apicid	: 2
fpu		: yes
fpu_exception	: yes
cpuid level	: 13
wp		: yes
flags		: fpu vme de pse tsc msr pae mce cx8 apic sep mtrr pge mca cmov pat pse36 clflush dts acpi mmx fxsr sse sse2 ss ht tm pbe syscall nx pdpe1gb rdtscp lm constant_tsc arch_perfmon pebs bts rep_good nopl xtopology nonstop_tsc aperfmperf eagerfpu pni pclmulqdq dtes64 monitor ds_cpl vmx smx est tm2 ssse3 cx16 xtpr pdcm pcid dca sse4_1 sse4_2 x2apic popcnt tsc_deadline_timer aes xsave avx lahf_lm arat epb pln pts dtherm tpr_shadow vnmi flexpriority ept vpid xsaveopt
bugs		:
bogomips	: 5599.97
clflush size	: 64
cache_alignment	: 64
address sizes	: 46 bits physical, 48 bits virtual
power management:

processor	: 2
vendor_id	: GenuineIntel
cpu family	: 6
model		: 45
model name	: Intel(R) Xeon(R) CPU E5-1603 0 @ 2.80GHz
stepping	: 7
microcode	: 0x710
cpu MHz		: 2799.890
cache size	: 10240 KB
physical id	: 0
siblings	: 4
core id		: 2
cpu cores	: 4
apicid		: 4
initial apicid	: 4
fpu		: yes
fpu_exception	: yes
cpuid level	: 13
wp		: yes
flags		: fpu vme de pse tsc msr pae mce cx8 apic sep mtrr pge mca cmov pat pse36 clflush dts acpi mmx fxsr sse sse2 ss ht tm pbe syscall nx pdpe1gb rdtscp lm constant_tsc arch_perfmon pebs bts rep_good nopl xtopology nonstop_tsc aperfmperf eagerfpu pni pclmulqdq dtes64 monitor ds_cpl vmx smx est tm2 ssse3 cx16 xtpr pdcm pcid dca sse4_1 sse4_2 x2apic popcnt tsc_deadline_timer aes xsave avx lahf_lm arat epb pln pts dtherm tpr_shadow vnmi flexpriority ept vpid xsaveopt
bugs		:
bogomips	: 5599.97
clflush size	: 64
cache_alignment	: 64
address sizes	: 46 bits physical, 48 bits virtual
power management:

processor	: 3
vendor_id	: GenuineIntel
cpu family	: 6
model		: 45
model name	: Intel(R) Xeon(R) CPU E5-1603 0 @ 2.80GHz
stepping	: 7
microcode	: 0x710
cpu MHz		: 2799.890
cache size	: 10240 KB
physical id	: 0
siblings	: 4
core id		: 3
cpu cores	: 4
apicid		: 6
initial apicid	: 6
fpu		: yes
fpu_exception	: yes
cpuid level	: 13
wp		: yes
flags		: fpu vme de pse tsc msr pae mce cx8 apic sep mtrr pge mca cmov pat pse36 clflush dts acpi mmx fxsr sse sse2 ss ht tm pbe syscall nx pdpe1gb rdtscp lm constant_tsc arch_perfmon pebs bts rep_good nopl xtopology nonstop_tsc aperfmperf eagerfpu pni pclmulqdq dtes64 monitor ds_cpl vmx smx est tm2 ssse3 cx16 xtpr pdcm pcid dca sse4_1 sse4_2 x2apic popcnt tsc_deadline_timer aes xsave avx lahf_lm arat epb pln pts dtherm tpr_shadow vnmi flexpriority ept vpid xsaveopt
bugs		:
bogomips	: 5599.97
clflush size	: 64
cache_alignment	: 64
address sizes	: 46 bits physical, 48 bits virtual
power management:



Memory: 4k page, physical 16347484k(10205896k free), swap 0k(0k free)

vm_info: Java HotSpot(TM) 64-Bit Server VM (25.65-b01) for linux-amd64 JRE (1.8.0_65-b17), built on Oct  6 2015 17:16:12 by "java_re" with gcc 4.3.0 20080428 (Red Hat 4.3.0-8)

time: Fri Mar  4 17:10:12 2016
elapsed time: 1202 seconds (0d 0h 20m 2s)

